
*** Running vivado
    with args -log design_1_wrapper.vdi -applog -m64 -product Vivado -messageDb vivado.pb -mode batch -source design_1_wrapper.tcl -notrace



****** Vivado v2022.2 (64-bit)
  **** SW Build 3671981 on Fri Oct 14 05:00:03 MDT 2022
  **** IP Build 3669848 on Fri Oct 14 08:30:02 MDT 2022
    ** Copyright 1986-2022 Xilinx, Inc. All Rights Reserved.

source design_1_wrapper.tcl -notrace
INFO: [IP_Flow 19-234] Refreshing IP repositories
INFO: [IP_Flow 19-1704] No user IP repositories specified
INFO: [IP_Flow 19-2313] Loaded Vivado IP repository 'C:/Xilinx/Vivado/2022.2/data/ip'.
Command: link_design -top design_1_wrapper -part xc7z020clg400-1
Design is defaulting to srcset: sources_1
Design is defaulting to constrset: constrs_1
INFO: [Device 21-403] Loading part xc7z020clg400-1
INFO: [Project 1-454] Reading design checkpoint 'c:/Users/YAVUZ/Desktop/Vivado Projects/Zybo_Z20_HelloWorld/Zybo_Z20_HelloWorld.gen/sources_1/bd/design_1/ip/design_1_axi_gpio_led1_0/design_1_axi_gpio_led1_0.dcp' for cell 'design_1_i/axi_gpio_button'
INFO: [Project 1-454] Reading design checkpoint 'c:/Users/YAVUZ/Desktop/Vivado Projects/Zybo_Z20_HelloWorld/Zybo_Z20_HelloWorld.gen/sources_1/bd/design_1/ip/design_1_axi_gpio_0_1/design_1_axi_gpio_0_1.dcp' for cell 'design_1_i/axi_gpio_led'
INFO: [Project 1-454] Reading design checkpoint 'c:/Users/YAVUZ/Desktop/Vivado Projects/Zybo_Z20_HelloWorld/Zybo_Z20_HelloWorld.gen/sources_1/bd/design_1/ip/design_1_axi_gpio_led_0/design_1_axi_gpio_led_0.dcp' for cell 'design_1_i/axi_gpio_switch'
INFO: [Project 1-454] Reading design checkpoint 'c:/Users/YAVUZ/Desktop/Vivado Projects/Zybo_Z20_HelloWorld/Zybo_Z20_HelloWorld.gen/sources_1/bd/design_1/ip/design_1_axi_intc_0_0/design_1_axi_intc_0_0.dcp' for cell 'design_1_i/axi_intc_0'
INFO: [Project 1-454] Reading design checkpoint 'c:/Users/YAVUZ/Desktop/Vivado Projects/Zybo_Z20_HelloWorld/Zybo_Z20_HelloWorld.gen/sources_1/bd/design_1/ip/design_1_axi_uartlite_0_0/design_1_axi_uartlite_0_0.dcp' for cell 'design_1_i/axi_uartlite_0'
INFO: [Project 1-454] Reading design checkpoint 'c:/Users/YAVUZ/Desktop/Vivado Projects/Zybo_Z20_HelloWorld/Zybo_Z20_HelloWorld.gen/sources_1/bd/design_1/ip/design_1_clk_wiz_1_0/design_1_clk_wiz_1_0.dcp' for cell 'design_1_i/clk_wiz_1'
INFO: [Project 1-454] Reading design checkpoint 'c:/Users/YAVUZ/Desktop/Vivado Projects/Zybo_Z20_HelloWorld/Zybo_Z20_HelloWorld.gen/sources_1/bd/design_1/ip/design_1_mdm_1_0/design_1_mdm_1_0.dcp' for cell 'design_1_i/mdm_1'
INFO: [Project 1-454] Reading design checkpoint 'c:/Users/YAVUZ/Desktop/Vivado Projects/Zybo_Z20_HelloWorld/Zybo_Z20_HelloWorld.gen/sources_1/bd/design_1/ip/design_1_microblaze_0_0/design_1_microblaze_0_0.dcp' for cell 'design_1_i/microblaze_0'
INFO: [Project 1-454] Reading design checkpoint 'c:/Users/YAVUZ/Desktop/Vivado Projects/Zybo_Z20_HelloWorld/Zybo_Z20_HelloWorld.gen/sources_1/bd/design_1/ip/design_1_rst_clk_wiz_1_100M_0/design_1_rst_clk_wiz_1_100M_0.dcp' for cell 'design_1_i/rst_clk_wiz_1_100M'
INFO: [Project 1-454] Reading design checkpoint 'c:/Users/YAVUZ/Desktop/Vivado Projects/Zybo_Z20_HelloWorld/Zybo_Z20_HelloWorld.gen/sources_1/bd/design_1/ip/design_1_xbar_0/design_1_xbar_0.dcp' for cell 'design_1_i/microblaze_0_axi_periph/xbar'
INFO: [Project 1-454] Reading design checkpoint 'c:/Users/YAVUZ/Desktop/Vivado Projects/Zybo_Z20_HelloWorld/Zybo_Z20_HelloWorld.gen/sources_1/bd/design_1/ip/design_1_auto_pc_0/design_1_auto_pc_0.dcp' for cell 'design_1_i/microblaze_0_axi_periph/s01_couplers/auto_pc'
INFO: [Project 1-454] Reading design checkpoint 'c:/Users/YAVUZ/Desktop/Vivado Projects/Zybo_Z20_HelloWorld/Zybo_Z20_HelloWorld.gen/sources_1/bd/design_1/ip/design_1_auto_pc_1/design_1_auto_pc_1.dcp' for cell 'design_1_i/microblaze_0_axi_periph/s02_couplers/auto_pc'
INFO: [Project 1-454] Reading design checkpoint 'c:/Users/YAVUZ/Desktop/Vivado Projects/Zybo_Z20_HelloWorld/Zybo_Z20_HelloWorld.gen/sources_1/bd/design_1/ip/design_1_dlmb_bram_if_cntlr_0/design_1_dlmb_bram_if_cntlr_0.dcp' for cell 'design_1_i/microblaze_0_local_memory/dlmb_bram_if_cntlr'
INFO: [Project 1-454] Reading design checkpoint 'c:/Users/YAVUZ/Desktop/Vivado Projects/Zybo_Z20_HelloWorld/Zybo_Z20_HelloWorld.gen/sources_1/bd/design_1/ip/design_1_dlmb_v10_0/design_1_dlmb_v10_0.dcp' for cell 'design_1_i/microblaze_0_local_memory/dlmb_v10'
INFO: [Project 1-454] Reading design checkpoint 'c:/Users/YAVUZ/Desktop/Vivado Projects/Zybo_Z20_HelloWorld/Zybo_Z20_HelloWorld.gen/sources_1/bd/design_1/ip/design_1_ilmb_bram_if_cntlr_0/design_1_ilmb_bram_if_cntlr_0.dcp' for cell 'design_1_i/microblaze_0_local_memory/ilmb_bram_if_cntlr'
INFO: [Project 1-454] Reading design checkpoint 'c:/Users/YAVUZ/Desktop/Vivado Projects/Zybo_Z20_HelloWorld/Zybo_Z20_HelloWorld.gen/sources_1/bd/design_1/ip/design_1_ilmb_v10_0/design_1_ilmb_v10_0.dcp' for cell 'design_1_i/microblaze_0_local_memory/ilmb_v10'
INFO: [Project 1-454] Reading design checkpoint 'c:/Users/YAVUZ/Desktop/Vivado Projects/Zybo_Z20_HelloWorld/Zybo_Z20_HelloWorld.gen/sources_1/bd/design_1/ip/design_1_lmb_bram_0/design_1_lmb_bram_0.dcp' for cell 'design_1_i/microblaze_0_local_memory/lmb_bram'
Netlist sorting complete. Time (s): cpu = 00:00:00 ; elapsed = 00:00:00.216 . Memory (MB): peak = 1973.398 ; gain = 0.000
INFO: [Netlist 29-17] Analyzing 311 Unisim elements for replacement
INFO: [Netlist 29-28] Unisim Transformation completed in 0 CPU seconds
INFO: [Project 1-479] Netlist was created with Vivado 2022.2
INFO: [Project 1-570] Preparing netlist for logic optimization
Parsing XDC File [c:/Users/YAVUZ/Desktop/Vivado Projects/Zybo_Z20_HelloWorld/Zybo_Z20_HelloWorld.gen/sources_1/bd/design_1/ip/design_1_microblaze_0_0/design_1_microblaze_0_0.xdc] for cell 'design_1_i/microblaze_0/U0'
Finished Parsing XDC File [c:/Users/YAVUZ/Desktop/Vivado Projects/Zybo_Z20_HelloWorld/Zybo_Z20_HelloWorld.gen/sources_1/bd/design_1/ip/design_1_microblaze_0_0/design_1_microblaze_0_0.xdc] for cell 'design_1_i/microblaze_0/U0'
Parsing XDC File [c:/Users/YAVUZ/Desktop/Vivado Projects/Zybo_Z20_HelloWorld/Zybo_Z20_HelloWorld.gen/sources_1/bd/design_1/ip/design_1_clk_wiz_1_0/design_1_clk_wiz_1_0_board.xdc] for cell 'design_1_i/clk_wiz_1/inst'
Finished Parsing XDC File [c:/Users/YAVUZ/Desktop/Vivado Projects/Zybo_Z20_HelloWorld/Zybo_Z20_HelloWorld.gen/sources_1/bd/design_1/ip/design_1_clk_wiz_1_0/design_1_clk_wiz_1_0_board.xdc] for cell 'design_1_i/clk_wiz_1/inst'
Parsing XDC File [c:/Users/YAVUZ/Desktop/Vivado Projects/Zybo_Z20_HelloWorld/Zybo_Z20_HelloWorld.gen/sources_1/bd/design_1/ip/design_1_clk_wiz_1_0/design_1_clk_wiz_1_0.xdc] for cell 'design_1_i/clk_wiz_1/inst'
INFO: [Timing 38-35] Done setting XDC timing constraints. [c:/Users/YAVUZ/Desktop/Vivado Projects/Zybo_Z20_HelloWorld/Zybo_Z20_HelloWorld.gen/sources_1/bd/design_1/ip/design_1_clk_wiz_1_0/design_1_clk_wiz_1_0.xdc:57]
INFO: [Timing 38-2] Deriving generated clocks [c:/Users/YAVUZ/Desktop/Vivado Projects/Zybo_Z20_HelloWorld/Zybo_Z20_HelloWorld.gen/sources_1/bd/design_1/ip/design_1_clk_wiz_1_0/design_1_clk_wiz_1_0.xdc:57]
get_clocks: Time (s): cpu = 00:00:06 ; elapsed = 00:00:05 . Memory (MB): peak = 2690.633 ; gain = 580.086
Finished Parsing XDC File [c:/Users/YAVUZ/Desktop/Vivado Projects/Zybo_Z20_HelloWorld/Zybo_Z20_HelloWorld.gen/sources_1/bd/design_1/ip/design_1_clk_wiz_1_0/design_1_clk_wiz_1_0.xdc] for cell 'design_1_i/clk_wiz_1/inst'
Parsing XDC File [c:/Users/YAVUZ/Desktop/Vivado Projects/Zybo_Z20_HelloWorld/Zybo_Z20_HelloWorld.gen/sources_1/bd/design_1/ip/design_1_rst_clk_wiz_1_100M_0/design_1_rst_clk_wiz_1_100M_0_board.xdc] for cell 'design_1_i/rst_clk_wiz_1_100M/U0'
Finished Parsing XDC File [c:/Users/YAVUZ/Desktop/Vivado Projects/Zybo_Z20_HelloWorld/Zybo_Z20_HelloWorld.gen/sources_1/bd/design_1/ip/design_1_rst_clk_wiz_1_100M_0/design_1_rst_clk_wiz_1_100M_0_board.xdc] for cell 'design_1_i/rst_clk_wiz_1_100M/U0'
Parsing XDC File [c:/Users/YAVUZ/Desktop/Vivado Projects/Zybo_Z20_HelloWorld/Zybo_Z20_HelloWorld.gen/sources_1/bd/design_1/ip/design_1_rst_clk_wiz_1_100M_0/design_1_rst_clk_wiz_1_100M_0.xdc] for cell 'design_1_i/rst_clk_wiz_1_100M/U0'
Finished Parsing XDC File [c:/Users/YAVUZ/Desktop/Vivado Projects/Zybo_Z20_HelloWorld/Zybo_Z20_HelloWorld.gen/sources_1/bd/design_1/ip/design_1_rst_clk_wiz_1_100M_0/design_1_rst_clk_wiz_1_100M_0.xdc] for cell 'design_1_i/rst_clk_wiz_1_100M/U0'
Parsing XDC File [c:/Users/YAVUZ/Desktop/Vivado Projects/Zybo_Z20_HelloWorld/Zybo_Z20_HelloWorld.gen/sources_1/bd/design_1/ip/design_1_axi_gpio_0_1/design_1_axi_gpio_0_1_board.xdc] for cell 'design_1_i/axi_gpio_led/U0'
Finished Parsing XDC File [c:/Users/YAVUZ/Desktop/Vivado Projects/Zybo_Z20_HelloWorld/Zybo_Z20_HelloWorld.gen/sources_1/bd/design_1/ip/design_1_axi_gpio_0_1/design_1_axi_gpio_0_1_board.xdc] for cell 'design_1_i/axi_gpio_led/U0'
Parsing XDC File [c:/Users/YAVUZ/Desktop/Vivado Projects/Zybo_Z20_HelloWorld/Zybo_Z20_HelloWorld.gen/sources_1/bd/design_1/ip/design_1_axi_gpio_0_1/design_1_axi_gpio_0_1.xdc] for cell 'design_1_i/axi_gpio_led/U0'
Finished Parsing XDC File [c:/Users/YAVUZ/Desktop/Vivado Projects/Zybo_Z20_HelloWorld/Zybo_Z20_HelloWorld.gen/sources_1/bd/design_1/ip/design_1_axi_gpio_0_1/design_1_axi_gpio_0_1.xdc] for cell 'design_1_i/axi_gpio_led/U0'
Parsing XDC File [c:/Users/YAVUZ/Desktop/Vivado Projects/Zybo_Z20_HelloWorld/Zybo_Z20_HelloWorld.gen/sources_1/bd/design_1/ip/design_1_axi_gpio_led_0/design_1_axi_gpio_led_0_board.xdc] for cell 'design_1_i/axi_gpio_switch/U0'
Finished Parsing XDC File [c:/Users/YAVUZ/Desktop/Vivado Projects/Zybo_Z20_HelloWorld/Zybo_Z20_HelloWorld.gen/sources_1/bd/design_1/ip/design_1_axi_gpio_led_0/design_1_axi_gpio_led_0_board.xdc] for cell 'design_1_i/axi_gpio_switch/U0'
Parsing XDC File [c:/Users/YAVUZ/Desktop/Vivado Projects/Zybo_Z20_HelloWorld/Zybo_Z20_HelloWorld.gen/sources_1/bd/design_1/ip/design_1_axi_gpio_led_0/design_1_axi_gpio_led_0.xdc] for cell 'design_1_i/axi_gpio_switch/U0'
Finished Parsing XDC File [c:/Users/YAVUZ/Desktop/Vivado Projects/Zybo_Z20_HelloWorld/Zybo_Z20_HelloWorld.gen/sources_1/bd/design_1/ip/design_1_axi_gpio_led_0/design_1_axi_gpio_led_0.xdc] for cell 'design_1_i/axi_gpio_switch/U0'
Parsing XDC File [c:/Users/YAVUZ/Desktop/Vivado Projects/Zybo_Z20_HelloWorld/Zybo_Z20_HelloWorld.gen/sources_1/bd/design_1/ip/design_1_axi_gpio_led1_0/design_1_axi_gpio_led1_0_board.xdc] for cell 'design_1_i/axi_gpio_button/U0'
Finished Parsing XDC File [c:/Users/YAVUZ/Desktop/Vivado Projects/Zybo_Z20_HelloWorld/Zybo_Z20_HelloWorld.gen/sources_1/bd/design_1/ip/design_1_axi_gpio_led1_0/design_1_axi_gpio_led1_0_board.xdc] for cell 'design_1_i/axi_gpio_button/U0'
Parsing XDC File [c:/Users/YAVUZ/Desktop/Vivado Projects/Zybo_Z20_HelloWorld/Zybo_Z20_HelloWorld.gen/sources_1/bd/design_1/ip/design_1_axi_gpio_led1_0/design_1_axi_gpio_led1_0.xdc] for cell 'design_1_i/axi_gpio_button/U0'
Finished Parsing XDC File [c:/Users/YAVUZ/Desktop/Vivado Projects/Zybo_Z20_HelloWorld/Zybo_Z20_HelloWorld.gen/sources_1/bd/design_1/ip/design_1_axi_gpio_led1_0/design_1_axi_gpio_led1_0.xdc] for cell 'design_1_i/axi_gpio_button/U0'
Parsing XDC File [c:/Users/YAVUZ/Desktop/Vivado Projects/Zybo_Z20_HelloWorld/Zybo_Z20_HelloWorld.gen/sources_1/bd/design_1/ip/design_1_axi_uartlite_0_0/design_1_axi_uartlite_0_0_board.xdc] for cell 'design_1_i/axi_uartlite_0/U0'
Finished Parsing XDC File [c:/Users/YAVUZ/Desktop/Vivado Projects/Zybo_Z20_HelloWorld/Zybo_Z20_HelloWorld.gen/sources_1/bd/design_1/ip/design_1_axi_uartlite_0_0/design_1_axi_uartlite_0_0_board.xdc] for cell 'design_1_i/axi_uartlite_0/U0'
Parsing XDC File [c:/Users/YAVUZ/Desktop/Vivado Projects/Zybo_Z20_HelloWorld/Zybo_Z20_HelloWorld.gen/sources_1/bd/design_1/ip/design_1_axi_uartlite_0_0/design_1_axi_uartlite_0_0.xdc] for cell 'design_1_i/axi_uartlite_0/U0'
Finished Parsing XDC File [c:/Users/YAVUZ/Desktop/Vivado Projects/Zybo_Z20_HelloWorld/Zybo_Z20_HelloWorld.gen/sources_1/bd/design_1/ip/design_1_axi_uartlite_0_0/design_1_axi_uartlite_0_0.xdc] for cell 'design_1_i/axi_uartlite_0/U0'
Parsing XDC File [c:/Users/YAVUZ/Desktop/Vivado Projects/Zybo_Z20_HelloWorld/Zybo_Z20_HelloWorld.gen/sources_1/bd/design_1/ip/design_1_axi_intc_0_0/design_1_axi_intc_0_0.xdc] for cell 'design_1_i/axi_intc_0/U0'
Finished Parsing XDC File [c:/Users/YAVUZ/Desktop/Vivado Projects/Zybo_Z20_HelloWorld/Zybo_Z20_HelloWorld.gen/sources_1/bd/design_1/ip/design_1_axi_intc_0_0/design_1_axi_intc_0_0.xdc] for cell 'design_1_i/axi_intc_0/U0'
Parsing XDC File [C:/Users/YAVUZ/Desktop/Vivado Projects/Zybo_Z20_HelloWorld/Zybo_Z20_HelloWorld.srcs/constrs_1/new/new constraints.xdc]
Finished Parsing XDC File [C:/Users/YAVUZ/Desktop/Vivado Projects/Zybo_Z20_HelloWorld/Zybo_Z20_HelloWorld.srcs/constrs_1/new/new constraints.xdc]
Parsing XDC File [c:/Users/YAVUZ/Desktop/Vivado Projects/Zybo_Z20_HelloWorld/Zybo_Z20_HelloWorld.gen/sources_1/bd/design_1/ip/design_1_mdm_1_0/design_1_mdm_1_0.xdc] for cell 'design_1_i/mdm_1/U0'
Finished Parsing XDC File [c:/Users/YAVUZ/Desktop/Vivado Projects/Zybo_Z20_HelloWorld/Zybo_Z20_HelloWorld.gen/sources_1/bd/design_1/ip/design_1_mdm_1_0/design_1_mdm_1_0.xdc] for cell 'design_1_i/mdm_1/U0'
Parsing XDC File [c:/Users/YAVUZ/Desktop/Vivado Projects/Zybo_Z20_HelloWorld/Zybo_Z20_HelloWorld.gen/sources_1/bd/design_1/ip/design_1_axi_intc_0_0/design_1_axi_intc_0_0_clocks.xdc] for cell 'design_1_i/axi_intc_0/U0'
Finished Parsing XDC File [c:/Users/YAVUZ/Desktop/Vivado Projects/Zybo_Z20_HelloWorld/Zybo_Z20_HelloWorld.gen/sources_1/bd/design_1/ip/design_1_axi_intc_0_0/design_1_axi_intc_0_0_clocks.xdc] for cell 'design_1_i/axi_intc_0/U0'
INFO: [Opt 31-138] Pushed 0 inverter(s) to 0 load pin(s).
Generating merged BMM file for the design top 'design_1_wrapper'...
INFO: [Memdata 28-144] Successfully populated the BRAM INIT strings from the following elf files: c:/Users/YAVUZ/Desktop/Vivado Projects/Zybo_Z20_HelloWorld/Zybo_Z20_HelloWorld.gen/sources_1/bd/design_1/ip/design_1_microblaze_0_0/data/mb_bootloop_le.elf 
Netlist sorting complete. Time (s): cpu = 00:00:00 ; elapsed = 00:00:00.006 . Memory (MB): peak = 2690.633 ; gain = 0.000
INFO: [Project 1-111] Unisim Transformation Summary:
  A total of 112 instances were transformed.
  LUT6_2 => LUT6_2 (LUT5, LUT6): 64 instances
  RAM32M => RAM32M (RAMD32(x6), RAMS32(x2)): 16 instances
  RAM32X1D => RAM32X1D (RAMD32(x2)): 32 instances

30 Infos, 0 Warnings, 0 Critical Warnings and 0 Errors encountered.
link_design completed successfully
link_design: Time (s): cpu = 00:00:13 ; elapsed = 00:00:15 . Memory (MB): peak = 2690.633 ; gain = 1200.504
Command: opt_design
Attempting to get a license for feature 'Implementation' and/or device 'xc7z020'
INFO: [Common 17-349] Got license for feature 'Implementation' and/or device 'xc7z020'
Running DRC as a precondition to command opt_design

Starting DRC Task
INFO: [DRC 23-27] Running DRC with 2 threads
INFO: [Project 1-461] DRC finished with 0 Errors
INFO: [Project 1-462] Please refer to the DRC report (report_drc) for more information.

Time (s): cpu = 00:00:01 ; elapsed = 00:00:00.855 . Memory (MB): peak = 2690.633 ; gain = 0.000

Starting Cache Timing Information Task
INFO: [Timing 38-35] Done setting XDC timing constraints.
Ending Cache Timing Information Task | Checksum: 1ea6374cd

Time (s): cpu = 00:00:01 ; elapsed = 00:00:00.216 . Memory (MB): peak = 2712.695 ; gain = 22.062

Starting Logic Optimization Task

Phase 1 Retarget
INFO: [Opt 31-1287] Pulled Inverter design_1_i/mdm_1/U0/MDM_Core_I1/JTAG_CONTROL_I/Use_BSCAN.FDC_I/Use_Serial_Unified_Completion.Completion_Status_Register.sample_1[15]_i_1 into driver instance design_1_i/mdm_1/U0/MDM_Core_I1/JTAG_CONTROL_I/Use_BSCAN.FDC_I/Use_Serial_Unified_Completion.Completion_Status_Register.sample_1[15]_i_2, which resulted in an inversion of 14 pins
INFO: [Opt 31-1287] Pulled Inverter design_1_i/microblaze_0/U0/MicroBlaze_Core_I/Using_FPGA.Native_i_1__1 into driver instance design_1_i/microblaze_0_local_memory/ilmb_bram_if_cntlr/U0/Sl_Ready_INST_0, which resulted in an inversion of 34 pins
INFO: [Opt 31-138] Pushed 3 inverter(s) to 5 load pin(s).
INFO: [Opt 31-49] Retargeted 0 cell(s).
Phase 1 Retarget | Checksum: 162a5642d

Time (s): cpu = 00:00:00 ; elapsed = 00:00:00.324 . Memory (MB): peak = 3050.004 ; gain = 0.000
INFO: [Opt 31-389] Phase Retarget created 246 cells and removed 289 cells
INFO: [Opt 31-1021] In phase Retarget, 10 netlist objects are constrained preventing optimization. Please run opt_design with -debug_log to get more detail. 

Phase 2 Constant propagation
INFO: [Opt 31-138] Pushed 1 inverter(s) to 4 load pin(s).
Phase 2 Constant propagation | Checksum: 1b984afde

Time (s): cpu = 00:00:00 ; elapsed = 00:00:00.418 . Memory (MB): peak = 3050.004 ; gain = 0.000
INFO: [Opt 31-389] Phase Constant propagation created 155 cells and removed 402 cells
INFO: [Opt 31-1021] In phase Constant propagation, 1 netlist objects are constrained preventing optimization. Please run opt_design with -debug_log to get more detail. 

Phase 3 Sweep
Phase 3 Sweep | Checksum: 1d05a356d

Time (s): cpu = 00:00:01 ; elapsed = 00:00:00.652 . Memory (MB): peak = 3050.004 ; gain = 0.000
INFO: [Opt 31-389] Phase Sweep created 4 cells and removed 407 cells
INFO: [Opt 31-1021] In phase Sweep, 1 netlist objects are constrained preventing optimization. Please run opt_design with -debug_log to get more detail. 

Phase 4 BUFG optimization
INFO: [Opt 31-194] Inserted BUFG design_1_i/mdm_1/U0/Use_E2.BSCAN_I/Dbg_Update_0_BUFG_inst to drive 40 load(s) on clock net design_1_i/mdm_1/U0/Use_E2.BSCAN_I/Dbg_Update_0_BUFG
INFO: [Opt 31-193] Inserted 1 BUFG(s) on clock nets
Phase 4 BUFG optimization | Checksum: 21d0be6f4

Time (s): cpu = 00:00:01 ; elapsed = 00:00:00.735 . Memory (MB): peak = 3050.004 ; gain = 0.000
INFO: [Opt 31-662] Phase BUFG optimization created 1 cells of which 1 are BUFGs and removed 0 cells.

Phase 5 Shift Register Optimization
INFO: [Opt 31-1064] SRL Remap converted 0 SRLs to 0 registers and converted 0 registers of register chains to 0 SRLs
Phase 5 Shift Register Optimization | Checksum: 21d0be6f4

Time (s): cpu = 00:00:01 ; elapsed = 00:00:00.751 . Memory (MB): peak = 3050.004 ; gain = 0.000
INFO: [Opt 31-389] Phase Shift Register Optimization created 0 cells and removed 0 cells

Phase 6 Post Processing Netlist
Phase 6 Post Processing Netlist | Checksum: 1d9754a46

Time (s): cpu = 00:00:01 ; elapsed = 00:00:00.782 . Memory (MB): peak = 3050.004 ; gain = 0.000
INFO: [Opt 31-389] Phase Post Processing Netlist created 0 cells and removed 0 cells
INFO: [Opt 31-1021] In phase Post Processing Netlist, 1 netlist objects are constrained preventing optimization. Please run opt_design with -debug_log to get more detail. 
Opt_design Change Summary
=========================


-------------------------------------------------------------------------------------------------------------------------
|  Phase                        |  #Cells created  |  #Cells Removed  |  #Constrained objects preventing optimizations  |
-------------------------------------------------------------------------------------------------------------------------
|  Retarget                     |             246  |             289  |                                             10  |
|  Constant propagation         |             155  |             402  |                                              1  |
|  Sweep                        |               4  |             407  |                                              1  |
|  BUFG optimization            |               1  |               0  |                                              0  |
|  Shift Register Optimization  |               0  |               0  |                                              0  |
|  Post Processing Netlist      |               0  |               0  |                                              1  |
-------------------------------------------------------------------------------------------------------------------------



Starting Connectivity Check Task

Time (s): cpu = 00:00:00 ; elapsed = 00:00:00.008 . Memory (MB): peak = 3050.004 ; gain = 0.000
Ending Logic Optimization Task | Checksum: 1ba9e1792

Time (s): cpu = 00:00:01 ; elapsed = 00:00:00.928 . Memory (MB): peak = 3050.004 ; gain = 0.000

Starting Power Optimization Task
INFO: [Pwropt 34-132] Skipping clock gating for clocks with a period < 2.00 ns.
INFO: [Timing 38-35] Done setting XDC timing constraints.
Running Vector-less Activity Propagation...
INFO: [Pwropt 34-9] Applying IDT optimizations ...
INFO: [Pwropt 34-10] Applying ODC optimizations ...

Finished Running Vector-less Activity Propagation


Starting PowerOpt Patch Enables Task
INFO: [Pwropt 34-162] WRITE_MODE attribute of 0 BRAM(s) out of a total of 14 has been updated to save power. Run report_power_opt to get a complete listing of the BRAMs updated.
INFO: [Pwropt 34-201] Structural ODC has moved 4 WE to EN ports
Number of BRAM Ports augmented: 4 newly gated: 8 Total Ports: 28
Ending PowerOpt Patch Enables Task | Checksum: 1f2c983d4

Time (s): cpu = 00:00:00 ; elapsed = 00:00:00.070 . Memory (MB): peak = 3146.184 ; gain = 0.000
Ending Power Optimization Task | Checksum: 1f2c983d4

Time (s): cpu = 00:00:03 ; elapsed = 00:00:02 . Memory (MB): peak = 3146.184 ; gain = 96.180

Starting Final Cleanup Task

Starting Logic Optimization Task
INFO: [Timing 38-35] Done setting XDC timing constraints.
Ending Logic Optimization Task | Checksum: 228b830b4

Time (s): cpu = 00:00:01 ; elapsed = 00:00:00.419 . Memory (MB): peak = 3146.184 ; gain = 0.000
Ending Final Cleanup Task | Checksum: 228b830b4

Time (s): cpu = 00:00:03 ; elapsed = 00:00:03 . Memory (MB): peak = 3146.184 ; gain = 0.000

Starting Netlist Obfuscation Task
Netlist sorting complete. Time (s): cpu = 00:00:00 ; elapsed = 00:00:00.007 . Memory (MB): peak = 3146.184 ; gain = 0.000
Ending Netlist Obfuscation Task | Checksum: 228b830b4

Time (s): cpu = 00:00:00 ; elapsed = 00:00:00.007 . Memory (MB): peak = 3146.184 ; gain = 0.000
INFO: [Common 17-83] Releasing license: Implementation
61 Infos, 0 Warnings, 0 Critical Warnings and 0 Errors encountered.
opt_design completed successfully
opt_design: Time (s): cpu = 00:00:11 ; elapsed = 00:00:09 . Memory (MB): peak = 3146.184 ; gain = 455.551
INFO: [Timing 38-35] Done setting XDC timing constraints.
INFO: [Timing 38-480] Writing timing data to binary archive.
Writing XDEF routing.
Writing XDEF routing logical nets.
Writing XDEF routing special nets.
Write XDEF Complete: Time (s): cpu = 00:00:00 ; elapsed = 00:00:00.033 . Memory (MB): peak = 3146.184 ; gain = 0.000
INFO: [Common 17-1381] The checkpoint 'C:/Users/YAVUZ/Desktop/Vivado Projects/Zybo_Z20_HelloWorld/Zybo_Z20_HelloWorld.runs/impl_1/design_1_wrapper_opt.dcp' has been generated.
INFO: [runtcl-4] Executing : report_drc -file design_1_wrapper_drc_opted.rpt -pb design_1_wrapper_drc_opted.pb -rpx design_1_wrapper_drc_opted.rpx
Command: report_drc -file design_1_wrapper_drc_opted.rpt -pb design_1_wrapper_drc_opted.pb -rpx design_1_wrapper_drc_opted.rpx
INFO: [IP_Flow 19-1839] IP Catalog is up to date.
INFO: [DRC 23-27] Running DRC with 2 threads
INFO: [Vivado_Tcl 2-168] The results of DRC are in file C:/Users/YAVUZ/Desktop/Vivado Projects/Zybo_Z20_HelloWorld/Zybo_Z20_HelloWorld.runs/impl_1/design_1_wrapper_drc_opted.rpt.
report_drc completed successfully
Command: place_design
Attempting to get a license for feature 'Implementation' and/or device 'xc7z020'
INFO: [Common 17-349] Got license for feature 'Implementation' and/or device 'xc7z020'
INFO: [DRC 23-27] Running DRC with 2 threads
INFO: [Vivado_Tcl 4-198] DRC finished with 0 Errors
INFO: [Vivado_Tcl 4-199] Please refer to the DRC report (report_drc) for more information.
Running DRC as a precondition to command place_design
INFO: [DRC 23-27] Running DRC with 2 threads
INFO: [Vivado_Tcl 4-198] DRC finished with 0 Errors
INFO: [Vivado_Tcl 4-199] Please refer to the DRC report (report_drc) for more information.

Starting Placer Task
INFO: [Place 30-611] Multithreading enabled for place_design using a maximum of 2 CPUs

Phase 1 Placer Initialization

Phase 1.1 Placer Initialization Netlist Sorting
Netlist sorting complete. Time (s): cpu = 00:00:00 ; elapsed = 00:00:00.007 . Memory (MB): peak = 3146.184 ; gain = 0.000
Phase 1.1 Placer Initialization Netlist Sorting | Checksum: 155202cec

Time (s): cpu = 00:00:00 ; elapsed = 00:00:00.011 . Memory (MB): peak = 3146.184 ; gain = 0.000
Netlist sorting complete. Time (s): cpu = 00:00:00 ; elapsed = 00:00:00.006 . Memory (MB): peak = 3146.184 ; gain = 0.000

Phase 1.2 IO Placement/ Clock Placement/ Build Placer Device
Phase 1.2 IO Placement/ Clock Placement/ Build Placer Device | Checksum: 11ec3c421

Time (s): cpu = 00:00:00 ; elapsed = 00:00:00.296 . Memory (MB): peak = 3146.184 ; gain = 0.000

Phase 1.3 Build Placer Netlist Model
Phase 1.3 Build Placer Netlist Model | Checksum: f3883e83

Time (s): cpu = 00:00:01 ; elapsed = 00:00:01 . Memory (MB): peak = 3146.184 ; gain = 0.000

Phase 1.4 Constrain Clocks/Macros
Phase 1.4 Constrain Clocks/Macros | Checksum: f3883e83

Time (s): cpu = 00:00:01 ; elapsed = 00:00:01 . Memory (MB): peak = 3146.184 ; gain = 0.000
Phase 1 Placer Initialization | Checksum: f3883e83

Time (s): cpu = 00:00:01 ; elapsed = 00:00:01 . Memory (MB): peak = 3146.184 ; gain = 0.000

Phase 2 Global Placement

Phase 2.1 Floorplanning
Phase 2.1 Floorplanning | Checksum: 149fed1d5

Time (s): cpu = 00:00:02 ; elapsed = 00:00:01 . Memory (MB): peak = 3146.184 ; gain = 0.000

Phase 2.2 Update Timing before SLR Path Opt
Phase 2.2 Update Timing before SLR Path Opt | Checksum: f5977ff2

Time (s): cpu = 00:00:02 ; elapsed = 00:00:01 . Memory (MB): peak = 3146.184 ; gain = 0.000

Phase 2.3 Post-Processing in Floorplanning
Phase 2.3 Post-Processing in Floorplanning | Checksum: f5977ff2

Time (s): cpu = 00:00:02 ; elapsed = 00:00:01 . Memory (MB): peak = 3146.184 ; gain = 0.000

Phase 2.4 Global Placement Core

Phase 2.4.1 UpdateTiming Before Physical Synthesis
Phase 2.4.1 UpdateTiming Before Physical Synthesis | Checksum: c62613fb

Time (s): cpu = 00:00:07 ; elapsed = 00:00:04 . Memory (MB): peak = 3146.184 ; gain = 0.000

Phase 2.4.2 Physical Synthesis In Placer
INFO: [Physopt 32-1035] Found 0 LUTNM shape to break, 389 LUT instances to create LUTNM shape
INFO: [Physopt 32-1044] Break lutnm for timing: one critical 0, two critical 0, total 0, new lutff created 0
INFO: [Physopt 32-1138] End 1 Pass. Optimized 173 nets or LUTs. Breaked 0 LUT, combined 173 existing LUTs and moved 0 existing LUT
INFO: [Physopt 32-65] No nets found for high-fanout optimization.
INFO: [Physopt 32-232] Optimized 0 net. Created 0 new instance.
INFO: [Physopt 32-775] End 1 Pass. Optimized 0 net or cell. Created 0 new cell, deleted 0 existing cell and moved 0 existing cell
INFO: [Physopt 32-670] No setup violation found.  DSP Register Optimization was not performed.
INFO: [Physopt 32-670] No setup violation found.  Shift Register to Pipeline Optimization was not performed.
INFO: [Physopt 32-670] No setup violation found.  Shift Register Optimization was not performed.
INFO: [Physopt 32-670] No setup violation found.  BRAM Register Optimization was not performed.
INFO: [Physopt 32-670] No setup violation found.  URAM Register Optimization was not performed.
INFO: [Physopt 32-949] No candidate nets found for dynamic/static region interface net replication
INFO: [Physopt 32-775] End 1 Pass. Optimized 0 net or cell. Created 0 new cell, deleted 0 existing cell and moved 0 existing cell
Netlist sorting complete. Time (s): cpu = 00:00:00 ; elapsed = 00:00:00.006 . Memory (MB): peak = 3146.184 ; gain = 0.000

Summary of Physical Synthesis Optimizations
============================================


-----------------------------------------------------------------------------------------------------------------------------------------------------------
|  Optimization                                     |  Added Cells  |  Removed Cells  |  Optimized Cells/Nets  |  Dont Touch  |  Iterations  |  Elapsed   |
-----------------------------------------------------------------------------------------------------------------------------------------------------------
|  LUT Combining                                    |            0  |            173  |                   173  |           0  |           1  |  00:00:00  |
|  Retime                                           |            0  |              0  |                     0  |           0  |           1  |  00:00:00  |
|  Very High Fanout                                 |            0  |              0  |                     0  |           0  |           1  |  00:00:00  |
|  DSP Register                                     |            0  |              0  |                     0  |           0  |           0  |  00:00:00  |
|  Shift Register to Pipeline                       |            0  |              0  |                     0  |           0  |           0  |  00:00:00  |
|  Shift Register                                   |            0  |              0  |                     0  |           0  |           0  |  00:00:00  |
|  BRAM Register                                    |            0  |              0  |                     0  |           0  |           0  |  00:00:00  |
|  URAM Register                                    |            0  |              0  |                     0  |           0  |           0  |  00:00:00  |
|  Dynamic/Static Region Interface Net Replication  |            0  |              0  |                     0  |           0  |           1  |  00:00:00  |
|  Total                                            |            0  |            173  |                   173  |           0  |           4  |  00:00:00  |
-----------------------------------------------------------------------------------------------------------------------------------------------------------


Phase 2.4.2 Physical Synthesis In Placer | Checksum: ced59663

Time (s): cpu = 00:00:07 ; elapsed = 00:00:04 . Memory (MB): peak = 3146.184 ; gain = 0.000
Phase 2.4 Global Placement Core | Checksum: 16f014fd8

Time (s): cpu = 00:00:07 ; elapsed = 00:00:04 . Memory (MB): peak = 3146.184 ; gain = 0.000
Phase 2 Global Placement | Checksum: 16f014fd8

Time (s): cpu = 00:00:07 ; elapsed = 00:00:04 . Memory (MB): peak = 3146.184 ; gain = 0.000

Phase 3 Detail Placement

Phase 3.1 Commit Multi Column Macros
Phase 3.1 Commit Multi Column Macros | Checksum: e66a4bba

Time (s): cpu = 00:00:08 ; elapsed = 00:00:04 . Memory (MB): peak = 3146.184 ; gain = 0.000

Phase 3.2 Commit Most Macros & LUTRAMs
Phase 3.2 Commit Most Macros & LUTRAMs | Checksum: 14231bb2e

Time (s): cpu = 00:00:08 ; elapsed = 00:00:05 . Memory (MB): peak = 3146.184 ; gain = 0.000

Phase 3.3 Area Swap Optimization
Phase 3.3 Area Swap Optimization | Checksum: 13c30971c

Time (s): cpu = 00:00:08 ; elapsed = 00:00:05 . Memory (MB): peak = 3146.184 ; gain = 0.000

Phase 3.4 Pipeline Register Optimization
Phase 3.4 Pipeline Register Optimization | Checksum: ba197930

Time (s): cpu = 00:00:08 ; elapsed = 00:00:05 . Memory (MB): peak = 3146.184 ; gain = 0.000

Phase 3.5 Small Shape Detail Placement
Phase 3.5 Small Shape Detail Placement | Checksum: 150e63dcd

Time (s): cpu = 00:00:10 ; elapsed = 00:00:06 . Memory (MB): peak = 3146.184 ; gain = 0.000

Phase 3.6 Re-assign LUT pins
Phase 3.6 Re-assign LUT pins | Checksum: 1db2a8161

Time (s): cpu = 00:00:10 ; elapsed = 00:00:06 . Memory (MB): peak = 3146.184 ; gain = 0.000

Phase 3.7 Pipeline Register Optimization
Phase 3.7 Pipeline Register Optimization | Checksum: 143df2fbb

Time (s): cpu = 00:00:10 ; elapsed = 00:00:06 . Memory (MB): peak = 3146.184 ; gain = 0.000
Phase 3 Detail Placement | Checksum: 143df2fbb

Time (s): cpu = 00:00:10 ; elapsed = 00:00:06 . Memory (MB): peak = 3146.184 ; gain = 0.000

Phase 4 Post Placement Optimization and Clean-Up

Phase 4.1 Post Commit Optimization
INFO: [Timing 38-35] Done setting XDC timing constraints.

Phase 4.1.1 Post Placement Optimization
Post Placement Optimization Initialization | Checksum: 14cb7ad05

Phase 4.1.1.1 BUFG Insertion

Starting Physical Synthesis Task

Phase 1 Physical Synthesis Initialization
INFO: [Physopt 32-721] Multithreading enabled for phys_opt_design using a maximum of 2 CPUs
INFO: [Physopt 32-619] Estimated Timing Summary | WNS=0.863 | TNS=0.000 |
Phase 1 Physical Synthesis Initialization | Checksum: 19290a093

Time (s): cpu = 00:00:01 ; elapsed = 00:00:00.171 . Memory (MB): peak = 3146.184 ; gain = 0.000
INFO: [Place 46-56] BUFG insertion identified 0 candidate nets. Inserted BUFG: 0, Replicated BUFG Driver: 0, Skipped due to Placement/Routing Conflicts: 0, Skipped due to Timing Degradation: 0, Skipped due to Illegal Netlist: 0.
Ending Physical Synthesis Task | Checksum: 1cc13ed84

Time (s): cpu = 00:00:01 ; elapsed = 00:00:00.215 . Memory (MB): peak = 3146.184 ; gain = 0.000
Phase 4.1.1.1 BUFG Insertion | Checksum: 14cb7ad05

Time (s): cpu = 00:00:12 ; elapsed = 00:00:07 . Memory (MB): peak = 3146.184 ; gain = 0.000

Phase 4.1.1.2 Post Placement Timing Optimization
INFO: [Place 30-746] Post Placement Timing Summary WNS=0.863. For the most accurate timing information please run report_timing.
Phase 4.1.1.2 Post Placement Timing Optimization | Checksum: 12db1e28a

Time (s): cpu = 00:00:12 ; elapsed = 00:00:07 . Memory (MB): peak = 3146.184 ; gain = 0.000

Time (s): cpu = 00:00:12 ; elapsed = 00:00:07 . Memory (MB): peak = 3146.184 ; gain = 0.000
Phase 4.1 Post Commit Optimization | Checksum: 12db1e28a

Time (s): cpu = 00:00:12 ; elapsed = 00:00:07 . Memory (MB): peak = 3146.184 ; gain = 0.000

Phase 4.2 Post Placement Cleanup
Phase 4.2 Post Placement Cleanup | Checksum: 12db1e28a

Time (s): cpu = 00:00:12 ; elapsed = 00:00:07 . Memory (MB): peak = 3146.184 ; gain = 0.000

Phase 4.3 Placer Reporting

Phase 4.3.1 Print Estimated Congestion
INFO: [Place 30-612] Post-Placement Estimated Congestion 
 ____________________________________________________
|           | Global Congestion | Short Congestion  |
| Direction | Region Size       | Region Size       |
|___________|___________________|___________________|
|      North|                1x1|                1x1|
|___________|___________________|___________________|
|      South|                1x1|                2x2|
|___________|___________________|___________________|
|       East|                1x1|                1x1|
|___________|___________________|___________________|
|       West|                1x1|                1x1|
|___________|___________________|___________________|

Phase 4.3.1 Print Estimated Congestion | Checksum: 12db1e28a

Time (s): cpu = 00:00:12 ; elapsed = 00:00:07 . Memory (MB): peak = 3146.184 ; gain = 0.000
Phase 4.3 Placer Reporting | Checksum: 12db1e28a

Time (s): cpu = 00:00:12 ; elapsed = 00:00:08 . Memory (MB): peak = 3146.184 ; gain = 0.000

Phase 4.4 Final Placement Cleanup
Netlist sorting complete. Time (s): cpu = 00:00:00 ; elapsed = 00:00:00.006 . Memory (MB): peak = 3146.184 ; gain = 0.000

Time (s): cpu = 00:00:12 ; elapsed = 00:00:08 . Memory (MB): peak = 3146.184 ; gain = 0.000
Phase 4 Post Placement Optimization and Clean-Up | Checksum: 155f04420

Time (s): cpu = 00:00:12 ; elapsed = 00:00:08 . Memory (MB): peak = 3146.184 ; gain = 0.000
Ending Placer Task | Checksum: 120ba4b52

Time (s): cpu = 00:00:12 ; elapsed = 00:00:08 . Memory (MB): peak = 3146.184 ; gain = 0.000
INFO: [Common 17-83] Releasing license: Implementation
96 Infos, 0 Warnings, 0 Critical Warnings and 0 Errors encountered.
place_design completed successfully
place_design: Time (s): cpu = 00:00:14 ; elapsed = 00:00:08 . Memory (MB): peak = 3146.184 ; gain = 0.000
INFO: [Timing 38-480] Writing timing data to binary archive.
Writing XDEF routing.
Writing XDEF routing logical nets.
Writing XDEF routing special nets.
Write XDEF Complete: Time (s): cpu = 00:00:01 ; elapsed = 00:00:00.453 . Memory (MB): peak = 3146.184 ; gain = 0.000
INFO: [Common 17-1381] The checkpoint 'C:/Users/YAVUZ/Desktop/Vivado Projects/Zybo_Z20_HelloWorld/Zybo_Z20_HelloWorld.runs/impl_1/design_1_wrapper_placed.dcp' has been generated.
INFO: [runtcl-4] Executing : report_io -file design_1_wrapper_io_placed.rpt
report_io: Time (s): cpu = 00:00:00 ; elapsed = 00:00:00.040 . Memory (MB): peak = 3146.184 ; gain = 0.000
INFO: [runtcl-4] Executing : report_utilization -file design_1_wrapper_utilization_placed.rpt -pb design_1_wrapper_utilization_placed.pb
INFO: [runtcl-4] Executing : report_control_sets -verbose -file design_1_wrapper_control_sets_placed.rpt
report_control_sets: Time (s): cpu = 00:00:00 ; elapsed = 00:00:00.014 . Memory (MB): peak = 3146.184 ; gain = 0.000
Command: phys_opt_design
Attempting to get a license for feature 'Implementation' and/or device 'xc7z020'
INFO: [Common 17-349] Got license for feature 'Implementation' and/or device 'xc7z020'

Starting Initial Update Timing Task

Time (s): cpu = 00:00:01 ; elapsed = 00:00:00.535 . Memory (MB): peak = 3146.184 ; gain = 0.000
INFO: [Vivado_Tcl 4-383] Design worst setup slack (WNS) is greater than or equal to 0.000 ns. Skipping all physical synthesis optimizations.
INFO: [Vivado_Tcl 4-232] No setup violation found. The netlist was not modified.
INFO: [Common 17-83] Releasing license: Implementation
105 Infos, 0 Warnings, 0 Critical Warnings and 0 Errors encountered.
phys_opt_design completed successfully
INFO: [Timing 38-480] Writing timing data to binary archive.
Writing XDEF routing.
Writing XDEF routing logical nets.
Writing XDEF routing special nets.
Write XDEF Complete: Time (s): cpu = 00:00:02 ; elapsed = 00:00:00.472 . Memory (MB): peak = 3146.184 ; gain = 0.000
INFO: [Common 17-1381] The checkpoint 'C:/Users/YAVUZ/Desktop/Vivado Projects/Zybo_Z20_HelloWorld/Zybo_Z20_HelloWorld.runs/impl_1/design_1_wrapper_physopt.dcp' has been generated.
Command: route_design
Attempting to get a license for feature 'Implementation' and/or device 'xc7z020'
INFO: [Common 17-349] Got license for feature 'Implementation' and/or device 'xc7z020'
Running DRC as a precondition to command route_design
INFO: [DRC 23-27] Running DRC with 2 threads
INFO: [Vivado_Tcl 4-198] DRC finished with 0 Errors
INFO: [Vivado_Tcl 4-199] Please refer to the DRC report (report_drc) for more information.


Starting Routing Task
INFO: [Route 35-254] Multithreading enabled for route_design using a maximum of 2 CPUs

Phase 1 Build RT Design
Checksum: PlaceDB: 8dbf103a ConstDB: 0 ShapeSum: 92fb3b18 RouteDB: 0
Post Restoration Checksum: NetGraph: d613bd31 NumContArr: 2129bc44 Constraints: 0 Timing: 0
Phase 1 Build RT Design | Checksum: f73d7975

Time (s): cpu = 00:00:21 ; elapsed = 00:00:18 . Memory (MB): peak = 3197.078 ; gain = 50.895

Phase 2 Router Initialization

Phase 2.1 Fix Topology Constraints
Phase 2.1 Fix Topology Constraints | Checksum: f73d7975

Time (s): cpu = 00:00:21 ; elapsed = 00:00:18 . Memory (MB): peak = 3203.656 ; gain = 57.473

Phase 2.2 Pre Route Cleanup
Phase 2.2 Pre Route Cleanup | Checksum: f73d7975

Time (s): cpu = 00:00:21 ; elapsed = 00:00:18 . Memory (MB): peak = 3203.656 ; gain = 57.473
 Number of Nodes with overlaps = 0

Phase 2.3 Update Timing
Phase 2.3 Update Timing | Checksum: 1cd24ed9b

Time (s): cpu = 00:00:23 ; elapsed = 00:00:20 . Memory (MB): peak = 3218.809 ; gain = 72.625
INFO: [Route 35-416] Intermediate Timing Summary | WNS=0.792  | TNS=0.000  | WHS=-0.189 | THS=-49.960|


Router Utilization Summary
  Global Vertical Routing Utilization    = 0.00460806 %
  Global Horizontal Routing Utilization  = 0.0030426 %
  Routable Net Status*
  *Does not include unroutable nets such as driverless and loadless.
  Run report_route_status for detailed report.
  Number of Failed Nets               = 4765
    (Failed Nets is the sum of unrouted and partially routed nets)
  Number of Unrouted Nets             = 4764
  Number of Partially Routed Nets     = 1
  Number of Node Overlaps             = 1

Phase 2 Router Initialization | Checksum: 1cb4f10e4

Time (s): cpu = 00:00:24 ; elapsed = 00:00:20 . Memory (MB): peak = 3226.680 ; gain = 80.496

Phase 3 Initial Routing

Phase 3.1 Global Routing
Phase 3.1 Global Routing | Checksum: 1cb4f10e4

Time (s): cpu = 00:00:24 ; elapsed = 00:00:20 . Memory (MB): peak = 3226.680 ; gain = 80.496
Phase 3 Initial Routing | Checksum: 1b512a1ef

Time (s): cpu = 00:00:25 ; elapsed = 00:00:21 . Memory (MB): peak = 3228.496 ; gain = 82.312

Phase 4 Rip-up And Reroute

Phase 4.1 Global Iteration 0
 Number of Nodes with overlaps = 556
 Number of Nodes with overlaps = 65
 Number of Nodes with overlaps = 4
 Number of Nodes with overlaps = 0
INFO: [Route 35-416] Intermediate Timing Summary | WNS=1.188  | TNS=0.000  | WHS=N/A    | THS=N/A    |

Phase 4.1 Global Iteration 0 | Checksum: ca6c6b04

Time (s): cpu = 00:00:28 ; elapsed = 00:00:23 . Memory (MB): peak = 3228.496 ; gain = 82.312

Phase 4.2 Global Iteration 1
 Number of Nodes with overlaps = 0
INFO: [Route 35-416] Intermediate Timing Summary | WNS=1.188  | TNS=0.000  | WHS=N/A    | THS=N/A    |

Phase 4.2 Global Iteration 1 | Checksum: 16520c968

Time (s): cpu = 00:00:28 ; elapsed = 00:00:23 . Memory (MB): peak = 3228.496 ; gain = 82.312
Phase 4 Rip-up And Reroute | Checksum: 16520c968

Time (s): cpu = 00:00:28 ; elapsed = 00:00:23 . Memory (MB): peak = 3228.496 ; gain = 82.312

Phase 5 Delay and Skew Optimization

Phase 5.1 Delay CleanUp
Phase 5.1 Delay CleanUp | Checksum: 16520c968

Time (s): cpu = 00:00:28 ; elapsed = 00:00:23 . Memory (MB): peak = 3228.496 ; gain = 82.312

Phase 5.2 Clock Skew Optimization
Phase 5.2 Clock Skew Optimization | Checksum: 16520c968

Time (s): cpu = 00:00:28 ; elapsed = 00:00:23 . Memory (MB): peak = 3228.496 ; gain = 82.312
Phase 5 Delay and Skew Optimization | Checksum: 16520c968

Time (s): cpu = 00:00:28 ; elapsed = 00:00:23 . Memory (MB): peak = 3228.496 ; gain = 82.312

Phase 6 Post Hold Fix

Phase 6.1 Hold Fix Iter

Phase 6.1.1 Update Timing
Phase 6.1.1 Update Timing | Checksum: 116b920fc

Time (s): cpu = 00:00:29 ; elapsed = 00:00:23 . Memory (MB): peak = 3228.496 ; gain = 82.312
INFO: [Route 35-416] Intermediate Timing Summary | WNS=1.303  | TNS=0.000  | WHS=0.040  | THS=0.000  |

Phase 6.1 Hold Fix Iter | Checksum: 11806c769

Time (s): cpu = 00:00:29 ; elapsed = 00:00:23 . Memory (MB): peak = 3228.496 ; gain = 82.312
Phase 6 Post Hold Fix | Checksum: 11806c769

Time (s): cpu = 00:00:29 ; elapsed = 00:00:23 . Memory (MB): peak = 3228.496 ; gain = 82.312

Phase 7 Route finalize

Router Utilization Summary
  Global Vertical Routing Utilization    = 1.05856 %
  Global Horizontal Routing Utilization  = 1.45301 %
  Routable Net Status*
  *Does not include unroutable nets such as driverless and loadless.
  Run report_route_status for detailed report.
  Number of Failed Nets               = 0
    (Failed Nets is the sum of unrouted and partially routed nets)
  Number of Unrouted Nets             = 0
  Number of Partially Routed Nets     = 0
  Number of Node Overlaps             = 0

Phase 7 Route finalize | Checksum: 17a4bfde5

Time (s): cpu = 00:00:29 ; elapsed = 00:00:24 . Memory (MB): peak = 3228.496 ; gain = 82.312

Phase 8 Verifying routed nets

 Verification completed successfully
Phase 8 Verifying routed nets | Checksum: 17a4bfde5

Time (s): cpu = 00:00:29 ; elapsed = 00:00:24 . Memory (MB): peak = 3228.496 ; gain = 82.312

Phase 9 Depositing Routes
Phase 9 Depositing Routes | Checksum: 1e5e1814a

Time (s): cpu = 00:00:29 ; elapsed = 00:00:24 . Memory (MB): peak = 3228.496 ; gain = 82.312

Phase 10 Post Router Timing
INFO: [Route 35-57] Estimated Timing Summary | WNS=1.303  | TNS=0.000  | WHS=0.040  | THS=0.000  |

INFO: [Route 35-327] The final timing numbers are based on the router estimated timing analysis. For a complete and accurate timing signoff, please run report_timing_summary.
Phase 10 Post Router Timing | Checksum: 1e5e1814a

Time (s): cpu = 00:00:29 ; elapsed = 00:00:24 . Memory (MB): peak = 3228.496 ; gain = 82.312
INFO: [Route 35-16] Router Completed Successfully

Time (s): cpu = 00:00:29 ; elapsed = 00:00:24 . Memory (MB): peak = 3228.496 ; gain = 82.312

Routing Is Done.
INFO: [Common 17-83] Releasing license: Implementation
120 Infos, 0 Warnings, 0 Critical Warnings and 0 Errors encountered.
route_design completed successfully
route_design: Time (s): cpu = 00:00:30 ; elapsed = 00:00:25 . Memory (MB): peak = 3228.496 ; gain = 82.312
INFO: [Timing 38-480] Writing timing data to binary archive.
Writing XDEF routing.
Writing XDEF routing logical nets.
Writing XDEF routing special nets.
Write XDEF Complete: Time (s): cpu = 00:00:01 ; elapsed = 00:00:00.552 . Memory (MB): peak = 3245.707 ; gain = 17.211
INFO: [Common 17-1381] The checkpoint 'C:/Users/YAVUZ/Desktop/Vivado Projects/Zybo_Z20_HelloWorld/Zybo_Z20_HelloWorld.runs/impl_1/design_1_wrapper_routed.dcp' has been generated.
INFO: [runtcl-4] Executing : report_drc -file design_1_wrapper_drc_routed.rpt -pb design_1_wrapper_drc_routed.pb -rpx design_1_wrapper_drc_routed.rpx
Command: report_drc -file design_1_wrapper_drc_routed.rpt -pb design_1_wrapper_drc_routed.pb -rpx design_1_wrapper_drc_routed.rpx
INFO: [IP_Flow 19-1839] IP Catalog is up to date.
INFO: [DRC 23-27] Running DRC with 2 threads
INFO: [Vivado_Tcl 2-168] The results of DRC are in file C:/Users/YAVUZ/Desktop/Vivado Projects/Zybo_Z20_HelloWorld/Zybo_Z20_HelloWorld.runs/impl_1/design_1_wrapper_drc_routed.rpt.
report_drc completed successfully
INFO: [runtcl-4] Executing : report_methodology -file design_1_wrapper_methodology_drc_routed.rpt -pb design_1_wrapper_methodology_drc_routed.pb -rpx design_1_wrapper_methodology_drc_routed.rpx
Command: report_methodology -file design_1_wrapper_methodology_drc_routed.rpt -pb design_1_wrapper_methodology_drc_routed.pb -rpx design_1_wrapper_methodology_drc_routed.rpx
INFO: [Timing 38-35] Done setting XDC timing constraints.
INFO: [DRC 23-133] Running Methodology with 2 threads
INFO: [Vivado_Tcl 2-1520] The results of Report Methodology are in file C:/Users/YAVUZ/Desktop/Vivado Projects/Zybo_Z20_HelloWorld/Zybo_Z20_HelloWorld.runs/impl_1/design_1_wrapper_methodology_drc_routed.rpt.
report_methodology completed successfully
INFO: [runtcl-4] Executing : report_power -file design_1_wrapper_power_routed.rpt -pb design_1_wrapper_power_summary_routed.pb -rpx design_1_wrapper_power_routed.rpx
Command: report_power -file design_1_wrapper_power_routed.rpt -pb design_1_wrapper_power_summary_routed.pb -rpx design_1_wrapper_power_routed.rpx
INFO: [Timing 38-35] Done setting XDC timing constraints.
Running Vector-less Activity Propagation...

Finished Running Vector-less Activity Propagation
WARNING: [Power 33-332] Found switching activity that implies high-fanout reset nets being asserted for excessive periods of time which may result in inaccurate power analysis.
Resolution: To review and fix problems, please run Power Constraints Advisor in the GUI from Tools > Power Constraints Advisor or run report_power with the -advisory option to generate a text report.
132 Infos, 1 Warnings, 0 Critical Warnings and 0 Errors encountered.
report_power completed successfully
INFO: [runtcl-4] Executing : report_route_status -file design_1_wrapper_route_status.rpt -pb design_1_wrapper_route_status.pb
INFO: [runtcl-4] Executing : report_timing_summary -max_paths 10 -report_unconstrained -file design_1_wrapper_timing_summary_routed.rpt -pb design_1_wrapper_timing_summary_routed.pb -rpx design_1_wrapper_timing_summary_routed.rpx -warn_on_violation 
INFO: [Timing 38-91] UpdateTimingParams: Speed grade: -1, Delay Type: min_max.
INFO: [Timing 38-191] Multithreading enabled for timing update using a maximum of 2 CPUs
INFO: [runtcl-4] Executing : report_incremental_reuse -file design_1_wrapper_incremental_reuse_routed.rpt
INFO: [Vivado_Tcl 4-1062] Incremental flow is disabled. No incremental reuse Info to report.
INFO: [runtcl-4] Executing : report_clock_utilization -file design_1_wrapper_clock_utilization_routed.rpt
INFO: [runtcl-4] Executing : report_bus_skew -warn_on_violation -file design_1_wrapper_bus_skew_routed.rpt -pb design_1_wrapper_bus_skew_routed.pb -rpx design_1_wrapper_bus_skew_routed.rpx
INFO: [Timing 38-91] UpdateTimingParams: Speed grade: -1, Delay Type: min_max.
INFO: [Timing 38-191] Multithreading enabled for timing update using a maximum of 2 CPUs
Command: write_bitstream -force design_1_wrapper.bit
Attempting to get a license for feature 'Implementation' and/or device 'xc7z020'
INFO: [Common 17-349] Got license for feature 'Implementation' and/or device 'xc7z020'
Running DRC as a precondition to command write_bitstream
INFO: [IP_Flow 19-1839] IP Catalog is up to date.
INFO: [DRC 23-27] Running DRC with 2 threads
WARNING: [DRC ZPS7-1] PS7 block required: The PS7 cell must be used in this Zynq design in order to enable correct default configuration.
INFO: [Vivado 12-3199] DRC finished with 0 Errors, 1 Warnings
INFO: [Vivado 12-3200] Please refer to the DRC report (report_drc) for more information.
INFO: [Designutils 20-2272] Running write_bitstream with 2 threads.
Loading data files...
Loading site data...
Loading route data...
Processing options...
Creating bitmap...
Creating bitstream...
Writing bitstream ./design_1_wrapper.bit...
INFO: [Vivado 12-1842] Bitgen Completed Successfully.
INFO: [Project 1-1876] WebTalk data collection is mandatory when using a ULT device. To see the specific WebTalk data collected for your design, open the usage_statistics_webtalk.html or usage_statistics_webtalk.xml file in the implementation directory.
INFO: [Common 17-83] Releasing license: Implementation
12 Infos, 1 Warnings, 0 Critical Warnings and 0 Errors encountered.
write_bitstream completed successfully
write_bitstream: Time (s): cpu = 00:00:12 ; elapsed = 00:00:10 . Memory (MB): peak = 3714.961 ; gain = 461.363
INFO: [Common 17-206] Exiting Vivado at Sun Jan  7 00:56:25 2024...
